# JRE version: Java(TM) SE Runtime Environment (8.0_121-b13) (build 1.8.0_121-b13)
# Java VM: Java HotSpot(TM) 64-Bit Server VM (25.121-b13 mixed mode bsd-amd64 compressed oops)
Heap:
 PSYoungGen      total 105472K, used 76523K [0x000000076ab00000, 0x0000000772080000, 0x00000007c0000000)
  eden space 96768K, 78% used [0x000000076ab00000,0x000000076f592da0,0x0000000770980000)
  from space 8704K, 1% used [0x0000000771800000,0x0000000771828000,0x0000000772080000)
  to   space 11776K, 0% used [0x0000000770980000,0x0000000770980000,0x0000000771500000)
 ParOldGen       total 114176K, used 54063K [0x00000006c0000000, 0x00000006c6f80000, 0x000000076ab00000)
  object space 114176K, 47% used [0x00000006c0000000,0x00000006c34cbf90,0x00000006c6f80000)
 Metaspace       used 21977K, capacity 22211K, committed 22320K, reserved 1069056K
  class space    used 2100K, capacity 2174K, committed 2176K, reserved 1048576K
GC Heap History (10 events):
Event: 80.715 GC heap before
{Heap before GC invocations=63 (full 1):
 PSYoungGen      total 110080K, used 109695K [0x000000076ab00000, 0x0000000773500000, 0x00000007c0000000)
  eden space 109568K, 99% used [0x000000076ab00000,0x00000007715fffd8,0x0000000771600000)
  from space 512K, 25% used [0x0000000771900000,0x0000000771920000,0x0000000771980000)
  to   space 15872K, 0% used [0x0000000772580000,0x0000000772580000,0x0000000773500000)
 ParOldGen       total 114176K, used 54039K [0x00000006c0000000, 0x00000006c6f80000, 0x000000076ab00000)
  object space 114176K, 47% used [0x00000006c0000000,0x00000006c34c5f90,0x00000006c6f80000)
 Metaspace       used 21942K, capacity 22211K, committed 22320K, reserved 1069056K
  class space    used 2092K, capacity 2174K, committed 2176K, reserved 1048576K
Event: 80.716 GC heap after
Heap after GC invocations=63 (full 1):
 PSYoungGen      total 118272K, used 192K [0x000000076ab00000, 0x0000000773080000, 0x00000007c0000000)
  eden space 107008K, 0% used [0x000000076ab00000,0x000000076ab00000,0x0000000771380000)
  from space 11264K, 1% used [0x0000000772580000,0x00000007725b0000,0x0000000773080000)
  to   space 14848K, 0% used [0x0000000771380000,0x0000000771380000,0x0000000772200000)
 ParOldGen       total 114176K, used 54039K [0x00000006c0000000, 0x00000006c6f80000, 0x000000076ab00000)
  object space 114176K, 47% used [0x00000006c0000000,0x00000006c34c5f90,0x00000006c6f80000)
 Metaspace       used 21942K, capacity 22211K, committed 22320K, reserved 1069056K
  class space    used 2092K, capacity 2174K, committed 2176K, reserved 1048576K
}
Event: 81.929 GC heap before
{Heap before GC invocations=64 (full 1):
 PSYoungGen      total 118272K, used 107200K [0x000000076ab00000, 0x0000000773080000, 0x00000007c0000000)
  eden space 107008K, 100% used [0x000000076ab00000,0x0000000771380000,0x0000000771380000)
  from space 11264K, 1% used [0x0000000772580000,0x00000007725b0000,0x0000000773080000)
  to   space 14848K, 0% used [0x0000000771380000,0x0000000771380000,0x0000000772200000)
 ParOldGen       total 114176K, used 54039K [0x00000006c0000000, 0x00000006c6f80000, 0x000000076ab00000)
  object space 114176K, 47% used [0x00000006c0000000,0x00000006c34c5f90,0x00000006c6f80000)
 Metaspace       used 21942K, capacity 22211K, committed 22320K, reserved 1069056K
  class space    used 2092K, capacity 2174K, committed 2176K, reserved 1048576K
Event: 81.931 GC heap after
Heap after GC invocations=64 (full 1):
 PSYoungGen      total 104960K, used 192K [0x000000076ab00000, 0x0000000772c00000, 0x00000007c0000000)
  eden space 104448K, 0% used [0x000000076ab00000,0x000000076ab00000,0x0000000771100000)
  from space 512K, 37% used [0x0000000771380000,0x00000007713b0000,0x0000000771400000)
  to   space 13824K, 0% used [0x0000000771e80000,0x0000000771e80000,0x0000000772c00000)
 ParOldGen       total 114176K, used 54039K [0x00000006c0000000, 0x00000006c6f80000, 0x000000076ab00000)
  object space 114176K, 47% used [0x00000006c0000000,0x00000006c34c5f90,0x00000006c6f80000)
 Metaspace       used 21942K, capacity 22211K, committed 22320K, reserved 1069056K
  class space    used 2092K, capacity 2174K, committed 2176K, reserved 1048576K
}
Event: 83.112 GC heap before
{Heap before GC invocations=65 (full 1):
 PSYoungGen      total 104960K, used 104640K [0x000000076ab00000, 0x0000000772c00000, 0x00000007c0000000)
  eden space 104448K, 100% used [0x000000076ab00000,0x0000000771100000,0x0000000771100000)
  from space 512K, 37% used [0x0000000771380000,0x00000007713b0000,0x0000000771400000)
  to   space 13824K, 0% used [0x0000000771e80000,0x0000000771e80000,0x0000000772c00000)
 ParOldGen       total 114176K, used 54039K [0x00000006c0000000, 0x00000006c6f80000, 0x000000076ab00000)
  object space 114176K, 47% used [0x00000006c0000000,0x00000006c34c5f90,0x00000006c6f80000)
 Metaspace       used 21942K, capacity 22211K, committed 22320K, reserved 1069056K
  class space    used 2092K, capacity 2174K, committed 2176K, reserved 1048576K
Event: 83.115 GC heap after
Heap after GC invocations=65 (full 1):
 PSYoungGen      total 112128K, used 128K [0x000000076ab00000, 0x0000000772880000, 0x00000007c0000000)
  eden space 101888K, 0% used [0x000000076ab00000,0x000000076ab00000,0x0000000770e80000)
  from space 10240K, 1% used [0x0000000771e80000,0x0000000771ea0000,0x0000000772880000)
  to   space 13312K, 0% used [0x0000000770e80000,0x0000000770e80000,0x0000000771b80000)
 ParOldGen       total 114176K, used 54047K [0x00000006c0000000, 0x00000006c6f80000, 0x000000076ab00000)
  object space 114176K, 47% used [0x00000006c0000000,0x00000006c34c7f90,0x00000006c6f80000)
 Metaspace       used 21942K, capacity 22211K, committed 22320K, reserved 1069056K
  class space    used 2092K, capacity 2174K, committed 2176K, reserved 1048576K
}
Event: 84.266 GC heap before
{Heap before GC invocations=66 (full 1):
 PSYoungGen      total 112128K, used 102016K [0x000000076ab00000, 0x0000000772880000, 0x00000007c0000000)
  eden space 101888K, 100% used [0x000000076ab00000,0x0000000770e80000,0x0000000770e80000)
  from space 10240K, 1% used [0x0000000771e80000,0x0000000771ea0000,0x0000000772880000)
  to   space 13312K, 0% used [0x0000000770e80000,0x0000000770e80000,0x0000000771b80000)
 ParOldGen       total 114176K, used 54047K [0x00000006c0000000, 0x00000006c6f80000, 0x000000076ab00000)
  object space 114176K, 47% used [0x00000006c0000000,0x00000006c34c7f90,0x00000006c6f80000)
 Metaspace       used 21942K, capacity 22211K, committed 22320K, reserved 1069056K
  class space    used 2092K, capacity 2174K, committed 2176K, reserved 1048576K
Event: 84.267 GC heap after
Heap after GC invocations=66 (full 1):
 PSYoungGen      total 99840K, used 160K [0x000000076ab00000, 0x0000000772400000, 0x00000007c0000000)
  eden space 99328K, 0% used [0x000000076ab00000,0x000000076ab00000,0x0000000770c00000)
  from space 512K, 31% used [0x0000000770e80000,0x0000000770ea8000,0x0000000770f00000)
  to   space 12288K, 0% used [0x0000000771800000,0x0000000771800000,0x0000000772400000)
 ParOldGen       total 114176K, used 54063K [0x00000006c0000000, 0x00000006c6f80000, 0x000000076ab00000)
  object space 114176K, 47% used [0x00000006c0000000,0x00000006c34cbf90,0x00000006c6f80000)
 Metaspace       used 21942K, capacity 22211K, committed 22320K, reserved 1069056K
  class space    used 2092K, capacity 2174K, committed 2176K, reserved 1048576K
}
Event: 85.383 GC heap before
{Heap before GC invocations=67 (full 1):
 PSYoungGen      total 99840K, used 99488K [0x000000076ab00000, 0x0000000772400000, 0x00000007c0000000)
  eden space 99328K, 100% used [0x000000076ab00000,0x0000000770c00000,0x0000000770c00000)
  from space 512K, 31% used [0x0000000770e80000,0x0000000770ea8000,0x0000000770f00000)
  to   space 12288K, 0% used [0x0000000771800000,0x0000000771800000,0x0000000772400000)
 ParOldGen       total 114176K, used 54063K [0x00000006c0000000, 0x00000006c6f80000, 0x000000076ab00000)
  object space 114176K, 47% used [0x00000006c0000000,0x00000006c34cbf90,0x00000006c6f80000)
 Metaspace       used 21942K, capacity 22211K, committed 22320K, reserved 1069056K
  class space    used 2092K, capacity 2174K, committed 2176K, reserved 1048576K
Event: 85.386 GC heap after
Heap after GC invocations=67 (full 1):
 PSYoungGen      total 105472K, used 160K [0x000000076ab00000, 0x0000000772080000, 0x00000007c0000000)
  eden space 96768K, 0% used [0x000000076ab00000,0x000000076ab00000,0x0000000770980000)
  from space 8704K, 1% used [0x0000000771800000,0x0000000771828000,0x0000000772080000)
  to   space 11776K, 0% used [0x0000000770980000,0x0000000770980000,0x0000000771500000)
 ParOldGen       total 114176K, used 54063K [0x00000006c0000000, 0x00000006c6f80000, 0x000000076ab00000)
  object space 114176K, 47% used [0x00000006c0000000,0x00000006c34cbf90,0x00000006c6f80000)
 Metaspace       used 21942K, capacity 22211K, committed 22320K, reserved 1069056K
  class space    used 2092K, capacity 2174K, committed 2176K, reserved 1048576K
}

